-------------------------------------------------------------------------------
Test set: com.book.backend.SparkClientTest
-------------------------------------------------------------------------------
Tests run: 3, Failures: 0, Errors: 1, Skipped: 0, Time elapsed: 63.491 s <<< FAILURE! - in com.book.backend.SparkClientTest
functionCallTest  Time elapsed: 1.448 s  <<< ERROR!
com.book.backend.manager.exception.SparkException: Expected HTTP 101 response but was '401 Unauthorized'
	at com.book.backend.SparkClientTest.functionCallTest(SparkClientTest.java:145)

