<?xml version="1.0" encoding="UTF-8"?>
<testsuite xmlns:xsi="http://www.w3.org/2001/XMLSchema-instance" xsi:noNamespaceSchemaLocation="https://maven.apache.org/surefire/maven-surefire-plugin/xsd/surefire-test-report.xsd" name="com.book.backend.SparkClientTest" time="63.491" tests="3" errors="1" skipped="0" failures="0">
  <properties>
[...]
</properties>
  <testcase name="chatSyncTest" classname="com.book.backend.SparkClientTest" time="1.743"/>
  <testcase name="chatStreamTest" classname="com.book.backend.SparkClientTest" time="60.011"/>
  <testcase name="functionCallTest" classname="com.book.backend.SparkClientTest" time="1.448">
    <error message="Expected HTTP 101 response but was &apos;401 Unauthorized&apos;" type="com.book.backend.manager.exception.SparkException">com.book.backend.manager.exception.SparkException: Expected HTTP 101 response but was '401 Unauthorized'
	at com.book.backend.SparkClientTest.functionCallTest(SparkClientTest.java:145)
</error>
    <system-out><![CDATA[request：{"header":{},"parameter":{"chat":{"domain":"generalv3"}},"payload":{"message":{"text":[{"role":"user","content":"科大讯飞的最新股票价格是多少"}]},"functions":{"text":[{"name":"stockPrice","description":"根据公司名称查询最新股票价格","parameters":{"type":"object","properties":{"companyName":{"type":"string","description":"公司名称"}},"required":["companyName"]}}]}}}
2025-05-03 15:38:41.486 ERROR 37561 --- [.xf-yun.com/...] c.b.b.m.listener.SparkSyncChatListener   : 讯飞星火api发生异常

java.net.ProtocolException: Expected HTTP 101 response but was '401 Unauthorized'
	at okhttp3.internal.ws.RealWebSocket.checkUpgradeSuccess$okhttp(RealWebSocket.kt:224) ~[okhttp-4.12.0.jar:na]
	at okhttp3.internal.ws.RealWebSocket$connect$1.onResponse(RealWebSocket.kt:170) ~[okhttp-4.12.0.jar:na]
	at okhttp3.internal.connection.RealCall$AsyncCall.run(RealCall.kt:519) ~[okhttp-4.12.0.jar:na]
	at java.base/java.util.concurrent.ThreadPoolExecutor.runWorker(ThreadPoolExecutor.java:1136) ~[na:na]
	at java.base/java.util.concurrent.ThreadPoolExecutor$Worker.run(ThreadPoolExecutor.java:635) ~[na:na]
	at java.base/java.lang.Thread.run(Thread.java:833) ~[na:na]

]]></system-out>
  </testcase>
</testsuite>